SF:lib\models\booking.dart
DA:17,3
DA:37,3
DA:38,1
DA:49,1
DA:52,1
DA:54,1
DA:65,1
DA:68,1
DA:70,1
DA:81,1
DA:84,1
DA:86,1
DA:97,1
DA:100,1
DA:102,1
DA:113,1
DA:116,1
LF:17
LH:17
end_of_record
SF:lib\providers\app_state.dart
DA:18,2
DA:19,2
DA:20,2
DA:21,2
DA:22,2
DA:23,2
DA:25,1
DA:26,1
DA:29,1
DA:30,1
DA:31,1
DA:32,1
DA:33,1
DA:36,1
DA:37,1
DA:38,1
DA:39,1
DA:40,1
DA:43,3
DA:45,4
DA:47,2
DA:48,1
DA:49,2
DA:52,3
DA:53,3
DA:54,1
DA:57,3
DA:60,1
DA:61,1
DA:62,1
DA:63,1
DA:64,0
DA:65,0
DA:67,0
DA:68,0
DA:69,0
DA:70,0
DA:72,0
DA:73,0
DA:74,0
DA:75,0
DA:78,1
DA:79,1
DA:80,1
DA:82,1
DA:84,2
DA:85,1
DA:86,1
DA:87,3
DA:88,1
DA:89,1
DA:90,1
DA:91,1
DA:92,1
DA:94,4
DA:97,2
DA:98,1
DA:102,1
DA:103,1
DA:104,1
DA:105,1
DA:108,1
DA:109,1
DA:110,1
DA:111,1
DA:114,1
DA:115,1
DA:116,1
DA:119,1
DA:120,1
DA:121,1
DA:122,1
DA:125,1
DA:126,2
DA:128,2
DA:129,0
DA:130,0
DA:133,0
DA:135,1
LF:79
LH:66
end_of_record
SF:lib\repositories\booking_repository.dart
DA:8,0
DA:10,0
DA:11,0
DA:28,0
DA:30,0
DA:33,0
DA:38,0
DA:47,0
DA:53,0
DA:54,0
DA:55,0
DA:64,0
DA:65,0
DA:70,0
DA:71,0
DA:72,0
DA:73,0
DA:74,0
DA:75,0
DA:80,0
DA:86,0
DA:87,0
DA:88,0
DA:94,0
DA:95,0
DA:100,0
DA:106,0
DA:114,0
DA:115,0
DA:116,0
DA:117,0
DA:118,0
DA:119,0
DA:124,0
DA:128,0
DA:134,0
DA:135,0
DA:141,0
DA:143,0
DA:145,0
DA:146,0
DA:147,0
DA:149,0
DA:151,0
DA:152,0
DA:156,0
DA:158,0
DA:161,0
DA:162,0
DA:163,0
DA:164,0
DA:165,0
DA:166,0
DA:168,0
DA:169,0
DA:172,0
DA:174,0
DA:175,0
DA:176,0
DA:177,0
DA:178,0
DA:179,0
DA:180,0
DA:182,0
DA:184,0
DA:185,0
DA:200,0
LF:67
LH:0
end_of_record
SF:lib\utils\web_logger.dart
DA:4,1
DA:5,3
DA:11,0
DA:14,0
DA:19,1
DA:20,3
DA:22,3
DA:25,0
DA:29,2
DA:30,2
LF:10
LH:7
end_of_record
SF:lib\screens\calendar_screen.dart
DA:19,1
DA:33,0
DA:36,2
DA:38,1
DA:39,1
DA:47,1
DA:49,1
DA:50,1
DA:51,1
DA:52,1
DA:53,1
DA:54,2
DA:55,2
DA:58,1
DA:59,1
DA:60,2
DA:61,0
DA:62,0
DA:65,0
DA:66,0
DA:67,0
DA:68,0
DA:69,0
DA:72,1
DA:74,3
DA:77,2
DA:78,4
DA:79,4
DA:80,5
DA:83,2
DA:85,2
DA:88,0
DA:91,4
DA:95,1
DA:98,1
DA:99,1
DA:103,1
DA:104,1
DA:105,1
DA:106,1
DA:107,1
DA:109,1
DA:112,1
DA:113,2
DA:116,1
DA:118,4
DA:119,2
DA:121,1
DA:123,1
DA:126,0
DA:127,1
DA:132,0
DA:133,0
DA:134,0
DA:135,0
DA:136,0
DA:138,0
DA:141,0
DA:143,0
DA:150,1
DA:151,1
DA:153,1
DA:154,1
DA:156,1
DA:159,1
DA:161,1
DA:163,1
DA:170,1
DA:171,1
DA:174,1
DA:175,1
DA:177,1
DA:179,1
DA:182,1
DA:183,1
DA:185,5
DA:190,1
DA:192,5
DA:193,1
DA:197,1
DA:199,1
DA:200,1
DA:201,1
DA:202,1
DA:204,1
DA:205,1
DA:207,2
DA:212,1
DA:213,1
DA:214,1
DA:215,1
DA:220,1
DA:221,2
DA:223,0
DA:224,0
DA:225,0
DA:226,0
DA:227,0
DA:230,0
DA:231,0
DA:233,1
DA:234,1
DA:235,1
DA:236,1
DA:237,1
DA:238,1
DA:239,1
DA:241,1
DA:242,1
DA:243,2
DA:244,1
DA:245,1
DA:251,1
DA:252,1
DA:253,1
DA:254,1
DA:255,1
DA:256,1
DA:257,1
DA:260,1
DA:262,1
DA:263,1
DA:264,2
DA:265,1
DA:266,1
DA:273,0
DA:274,0
DA:275,0
DA:276,0
DA:277,0
DA:278,0
DA:279,0
DA:282,0
DA:284,0
DA:285,0
DA:286,0
DA:287,0
DA:288,0
DA:306,1
DA:307,1
DA:308,1
DA:309,1
DA:312,1
DA:314,1
DA:318,1
DA:320,4
DA:326,1
DA:327,1
DA:330,1
DA:331,1
DA:333,1
DA:335,1
DA:336,1
DA:338,1
DA:340,1
DA:341,1
DA:342,8
DA:343,5
DA:353,1
DA:354,1
DA:355,1
DA:356,1
DA:358,1
DA:359,1
DA:362,1
DA:365,1
DA:367,1
DA:368,1
DA:375,1
DA:377,1
DA:378,1
DA:379,1
DA:380,3
DA:381,1
DA:390,1
DA:391,1
DA:393,1
DA:395,1
DA:396,0
DA:397,0
DA:398,0
DA:399,0
DA:401,0
DA:405,1
DA:406,1
DA:407,1
DA:408,1
DA:409,1
DA:410,1
DA:411,1
DA:414,2
DA:415,1
DA:418,1
DA:420,1
DA:421,1
DA:423,1
DA:424,1
DA:425,1
DA:427,1
DA:428,1
DA:429,3
DA:430,4
DA:437,1
DA:440,1
DA:445,1
DA:446,1
DA:447,5
DA:454,1
DA:455,1
DA:456,1
DA:459,1
DA:462,1
DA:463,1
DA:464,1
DA:466,1
DA:473,1
DA:474,2
DA:475,5
DA:476,1
DA:479,0
DA:481,0
DA:483,0
DA:486,0
DA:488,0
DA:498,0
DA:499,0
DA:501,0
DA:502,0
DA:503,0
DA:504,0
DA:507,0
DA:510,0
DA:512,0
DA:513,0
DA:519,0
DA:521,0
DA:523,0
DA:524,0
DA:525,0
DA:526,0
DA:531,0
DA:533,0
DA:534,0
DA:535,0
DA:536,0
DA:537,0
DA:540,0
DA:541,0
DA:543,0
DA:544,0
DA:545,0
DA:552,0
DA:557,0
DA:570,0
DA:571,0
DA:573,0
DA:574,0
DA:575,0
DA:576,0
DA:579,0
DA:582,0
DA:584,0
DA:585,0
DA:591,0
DA:593,0
DA:594,0
DA:595,0
DA:596,0
DA:604,1
DA:619,2
LF:270
LH:178
end_of_record
SF:lib\screens\create_booking_screen.dart
DA:10,2
DA:12,1
DA:13,1
DA:34,1
DA:35,1
DA:37,1
DA:38,1
DA:39,1
DA:41,2
DA:42,2
DA:43,1
DA:48,1
DA:49,1
DA:51,1
DA:53,2
DA:54,0
DA:55,0
DA:61,1
DA:62,3
DA:63,0
DA:65,0
DA:66,0
DA:70,0
DA:71,0
DA:74,0
DA:79,0
DA:80,0
DA:81,0
DA:82,0
DA:86,0
DA:87,0
DA:88,0
DA:89,0
DA:97,0
DA:98,0
DA:99,0
DA:100,0
DA:101,0
DA:105,0
DA:107,0
DA:108,0
DA:110,0
DA:113,0
DA:116,0
DA:117,0
DA:119,0
DA:123,0
DA:124,0
DA:126,0
DA:129,0
DA:134,0
DA:135,0
DA:136,0
DA:137,0
DA:140,0
DA:141,0
DA:148,0
DA:150,0
DA:158,0
DA:163,0
DA:164,0
DA:167,0
DA:170,0
DA:171,0
DA:172,0
DA:173,0
DA:175,0
DA:179,0
DA:180,0
DA:181,0
DA:188,1
DA:190,1
DA:192,1
DA:193,1
DA:196,1
DA:198,1
DA:199,1
DA:200,1
DA:201,1
DA:203,1
DA:204,1
DA:205,1
DA:206,1
DA:208,1
DA:209,1
DA:210,1
DA:226,1
DA:227,3
DA:229,1
DA:231,1
DA:232,1
DA:237,0
DA:240,1
DA:242,1
DA:243,1
DA:248,0
DA:251,1
DA:254,1
DA:255,1
DA:260,0
DA:263,1
DA:264,3
DA:266,1
DA:268,1
DA:269,1
DA:274,0
DA:277,1
DA:279,1
DA:280,1
DA:281,3
DA:283,1
DA:285,1
DA:286,1
DA:287,2
DA:288,1
DA:293,1
DA:295,0
DA:298,1
DA:299,3
DA:301,1
DA:302,1
DA:303,4
DA:305,2
DA:307,1
DA:308,4
DA:310,2
DA:313,4
DA:314,1
DA:316,1
DA:317,3
DA:318,2
DA:319,2
DA:320,1
DA:321,2
DA:323,2
DA:325,2
DA:330,1
DA:333,1
DA:339,0
DA:342,1
DA:343,1
DA:344,1
DA:345,1
LF:143
LH:84
end_of_record
SF:lib\models\service.dart
DA:8,1
DA:16,0
DA:18,0
DA:19,0
DA:20,0
DA:21,0
DA:22,0
DA:23,0
DA:25,0
DA:30,3
DA:31,1
DA:38,1
DA:45,1
DA:52,1
DA:59,1
DA:66,1
DA:73,1
DA:80,1
LF:18
LH:10
end_of_record
SF:lib\screens\schedule_screen.dart
DA:8,2
DA:10,1
DA:11,1
DA:19,4
DA:21,1
DA:23,1
DA:24,3
DA:25,3
DA:29,1
DA:31,2
DA:32,6
DA:39,1
DA:40,2
DA:41,1
DA:42,1
DA:43,1
DA:44,1
DA:45,1
DA:46,1
DA:47,1
DA:48,1
DA:49,1
DA:50,1
DA:51,1
DA:52,1
DA:54,1
DA:55,1
DA:57,4
DA:58,1
DA:63,1
DA:65,1
DA:66,2
DA:68,1
DA:70,1
DA:71,1
DA:72,2
DA:74,1
DA:76,1
DA:77,1
DA:79,1
DA:82,1
DA:84,1
DA:89,0
DA:90,0
DA:91,0
DA:93,0
DA:96,0
DA:98,0
DA:107,1
DA:108,1
DA:109,1
DA:111,1
DA:112,2
DA:114,1
DA:116,1
DA:117,1
DA:118,1
DA:119,1
DA:121,1
DA:123,1
DA:124,1
DA:125,1
DA:126,1
DA:127,3
DA:128,1
DA:138,1
DA:139,1
DA:141,1
DA:143,1
DA:144,1
DA:145,1
DA:147,1
DA:157,1
DA:169,1
DA:171,1
DA:172,1
DA:173,2
DA:175,1
DA:176,3
DA:189,1
DA:193,3
DA:194,2
DA:196,1
DA:198,1
DA:200,1
DA:202,1
DA:205,1
DA:215,1
DA:218,1
DA:225,1
DA:228,1
DA:239,1
DA:244,1
DA:245,3
DA:246,1
DA:247,4
DA:249,1
DA:251,1
DA:260,1
DA:261,1
DA:262,1
DA:264,1
DA:265,1
DA:266,4
DA:273,1
DA:276,1
DA:278,1
DA:280,1
DA:281,1
DA:282,1
DA:283,1
DA:284,2
DA:286,1
DA:287,1
DA:288,3
DA:300,2
DA:305,1
DA:306,1
DA:309,1
DA:310,1
DA:318,1
DA:319,2
DA:329,1
DA:330,1
DA:333,1
DA:334,1
DA:344,1
DA:347,5
DA:354,1
DA:356,1
DA:362,1
DA:368,1
DA:374,0
DA:383,1
DA:388,1
DA:393,1
DA:398,1
DA:403,0
DA:409,1
DA:411,1
DA:413,1
DA:415,1
DA:417,1
DA:426,1
DA:427,1
DA:429,1
DA:431,1
DA:433,1
DA:448,1
DA:449,1
DA:450,1
DA:452,1
DA:453,2
DA:455,1
DA:457,1
DA:469,1
DA:470,1
DA:471,1
DA:472,2
DA:479,1
DA:515,1
DA:516,1
DA:518,1
DA:520,1
DA:522,1
DA:526,1
DA:529,1
DA:531,1
DA:532,3
DA:544,1
DA:551,1
DA:553,1
DA:555,1
DA:556,2
DA:565,1
DA:566,1
DA:567,1
DA:568,1
DA:569,1
DA:578,1
DA:579,1
DA:593,1
DA:596,1
DA:597,1
DA:598,1
DA:599,1
DA:612,1
DA:619,1
DA:621,1
DA:623,1
DA:624,2
DA:626,1
DA:627,1
DA:628,1
DA:629,1
DA:631,1
DA:639,1
DA:640,1
DA:650,1
DA:651,1
DA:653,1
DA:661,1
DA:662,1
DA:681,1
DA:684,1
DA:686,1
DA:687,1
DA:689,1
DA:691,1
DA:701,1
DA:705,5
DA:711,3
DA:713,1
DA:716,1
DA:718,1
DA:719,1
DA:721,1
DA:723,1
DA:733,1
DA:734,1
DA:750,1
DA:751,1
DA:754,1
DA:760,1
DA:761,1
DA:763,1
DA:765,1
DA:775,1
DA:776,1
DA:777,1
DA:778,1
DA:781,2
DA:782,0
DA:783,0
DA:787,1
DA:788,1
DA:791,2
DA:792,1
DA:793,1
DA:797,1
DA:798,1
DA:801,2
DA:802,1
DA:803,1
DA:810,1
DA:812,1
DA:814,1
DA:815,1
DA:816,1
DA:817,1
DA:818,1
DA:849,1
DA:855,1
DA:857,1
DA:858,1
DA:859,1
DA:861,1
DA:863,1
DA:864,1
DA:865,1
DA:868,1
DA:872,1
DA:874,1
DA:875,1
DA:883,1
DA:885,1
DA:901,1
DA:906,1
DA:909,1
DA:911,1
DA:912,1
DA:914,1
DA:916,1
DA:917,1
DA:918,1
DA:921,1
DA:938,1
DA:939,1
DA:941,1
DA:942,1
DA:949,1
DA:965,1
DA:967,1
DA:978,1
DA:980,1
DA:987,1
DA:989,1
LF:287
LH:277
end_of_record
SF:lib\widgets\header.dart
DA:12,1
DA:19,1
DA:21,1
DA:22,1
DA:28,1
DA:30,1
DA:31,2
DA:33,1
DA:50,1
DA:51,1
DA:52,1
DA:54,1
DA:55,2
DA:56,1
DA:65,2
DA:66,1
DA:67,1
DA:70,1
DA:71,1
DA:73,4
DA:78,1
DA:80,4
DA:81,1
DA:88,1
DA:89,1
DA:91,4
DA:97,2
DA:98,1
DA:100,1
DA:102,0
DA:108,2
DA:109,1
DA:110,0
DA:111,0
DA:112,0
DA:114,0
DA:117,2
DA:118,1
DA:120,1
DA:121,1
DA:122,1
DA:124,3
DA:125,1
DA:129,1
DA:130,1
DA:132,1
DA:133,3
DA:143,1
DA:145,1
DA:146,1
DA:147,1
DA:149,3
DA:150,0
DA:154,1
DA:155,1
DA:157,1
DA:158,3
DA:168,1
DA:170,1
DA:171,1
DA:172,1
DA:174,3
DA:175,0
DA:176,1
DA:179,1
DA:180,1
DA:182,1
DA:183,3
DA:193,1
DA:195,1
DA:196,1
DA:197,1
DA:199,3
DA:200,0
DA:201,1
DA:204,1
DA:205,1
DA:207,1
DA:208,3
DA:219,1
DA:221,1
DA:222,1
DA:223,1
DA:225,1
DA:228,1
DA:229,1
DA:231,2
LF:87
LH:79
end_of_record
SF:lib\utils\supabase_diagnostics.dart
DA:6,0
DA:7,0
DA:10,0
DA:12,0
DA:13,0
DA:18,0
DA:19,0
DA:20,0
DA:21,0
DA:23,0
DA:24,0
DA:25,0
DA:27,0
DA:29,0
DA:30,0
DA:31,0
DA:32,0
DA:33,0
DA:34,0
DA:35,0
DA:36,0
DA:37,0
DA:41,0
DA:45,0
DA:47,0
DA:50,0
LF:26
LH:0
end_of_record
